146 39 -3 
-2 -1 -31 
12 -38 -14 

1929 36 108 157 34 -5 3 -94 
41 -27 226 -109 -321 55 -338 75 
30 79 55 -148 40 -179 54 -51 
102 26 60 216 131 -73 -9 -93 
-235 -143 -54 -8 106 11 22 283 
-92 -15 81 12 -15 -305 199 106 
-137 239 -69 289 72 94 -146 -197 
5 -2 104 79 -19 85 -235 52 

2464 -190 -21 174 -294 83 34 -47 -110 -36 
-140 63 -297 -4 -165 -53 93 -54 -189 -166 
204 -4 90 -79 85 -13 106 184 135 154 
56 -223 -120 133 -164 46 -169 -213 18 -187 
-82 -122 50 -145 -20 45 -108 -72 -65 72 
51 -185 246 74 131 155 54 167 -19 -56 
18 22 250 13 216 9 -15 -180 -45 59 
184 -13 -119 -27 121 -82 -14 182 -161 -245 
-9 -20 64 46 270 23 -324 113 -147 -125 
106 40 -223 -137 -57 -213 -43 -131 -317 -34 

